<?xml version="1.0" encoding="UTF-8"?>
<!-- Generated by org.testng.reporters.JUnitReportReporter -->
<testsuite hostname="DESKTOP-B7ASSS1" failures="0" tests="1" name="ResizableHandle.HandlingResize" time="15.036" errors="0" timestamp="2024-01-28T00:34:34 IST" skipped="0">
  <testcase classname="ResizableHandle.HandlingResize" name="Resize" time="15.036"/>
  <system-out/>
</testsuite> <!-- ResizableHandle.HandlingResize -->
