<?xml version="1.0" encoding="UTF-8"?>
<!-- Generated by org.testng.reporters.JUnitReportReporter -->
<testsuite hostname="DESKTOP-B7ASSS1" failures="0" tests="1" name="com.testcases.www.ExcelSheet" time="12.400" errors="0" timestamp="2024-01-29T11:27:26 IST" skipped="0">
  <testcase classname="com.testcases.www.ExcelSheet" name="excelsheet" time="12.400"/>
  <system-out/>
</testsuite> <!-- com.testcases.www.ExcelSheet -->
