<?xml version="1.0" encoding="UTF-8"?>
<!-- Generated by org.testng.reporters.JUnitReportReporter -->
<testsuite hostname="DESKTOP-B7ASSS1" failures="0" tests="1" name="MouseHoverHandle.HandlingMouseHover" time="29.192" errors="0" timestamp="2024-01-26T18:57:26 IST" skipped="0">
  <testcase classname="MouseHoverHandle.HandlingMouseHover" name="MouseHover" time="29.192"/>
  <system-out/>
</testsuite> <!-- MouseHoverHandle.HandlingMouseHover -->
