<?xml version="1.0" encoding="UTF-8"?>
<!-- Generated by org.testng.reporters.JUnitReportReporter -->
<testsuite hostname="DESKTOP-B7ASSS1" failures="0" tests="1" name="AlertHandle.AlertHand" time="18.462" errors="0" timestamp="2024-01-23T16:58:53 IST" skipped="0">
  <testcase classname="AlertHandle.AlertHand" name="AlertOpen" time="18.462"/>
  <system-out/>
</testsuite> <!-- AlertHandle.AlertHand -->
