<?xml version="1.0" encoding="UTF-8"?>
<!-- Generated by org.testng.reporters.JUnitReportReporter -->
<testsuite hostname="DESKTOP-B7ASSS1" failures="0" tests="1" name="Drag_DropHandle.HandlingDragAndDrop" time="16.735" errors="0" timestamp="2024-01-27T16:11:14 IST" skipped="0">
  <testcase classname="Drag_DropHandle.HandlingDragAndDrop" name="DragAndDrop" time="16.735"/>
  <system-out/>
</testsuite> <!-- Drag_DropHandle.HandlingDragAndDrop -->
