<?xml version="1.0" encoding="UTF-8"?>
<!-- Generated by org.testng.reporters.JUnitReportReporter -->
<testsuite hostname="DESKTOP-B7ASSS1" failures="0" tests="1" name="Drag_DropHandle.HandleDragNDrop" time="16.713" errors="0" timestamp="2024-01-27T16:40:42 IST" skipped="0">
  <testcase classname="Drag_DropHandle.HandleDragNDrop" name="DragDrop" time="16.713"/>
  <system-out/>
</testsuite> <!-- Drag_DropHandle.HandleDragNDrop -->
