<?xml version="1.0" encoding="UTF-8"?>
<!-- Generated by org.testng.reporters.JUnitReportReporter -->
<testsuite hostname="DESKTOP-B7ASSS1" failures="0" tests="1" name="SliderHandle.SliderColourPicker" time="21.390" errors="0" timestamp="2024-01-25T21:11:53 IST" skipped="0">
  <testcase classname="SliderHandle.SliderColourPicker" name="HandleSlider" time="21.390"/>
  <system-out/>
</testsuite> <!-- SliderHandle.SliderColourPicker -->
