<?xml version="1.0" encoding="UTF-8"?>
<!-- Generated by org.testng.reporters.JUnitReportReporter -->
<testsuite hostname="DESKTOP-B7ASSS1" failures="0" tests="1" name="AlertHandle.HandlingFrames" time="24.109" errors="0" timestamp="2024-01-25T19:53:07 IST" skipped="0">
  <testcase classname="AlertHandle.HandlingFrames" name="Frames" time="24.109"/>
  <system-out/>
</testsuite> <!-- AlertHandle.HandlingFrames -->
