<?xml version="1.0" encoding="UTF-8"?>
<!-- Generated by org.testng.reporters.JUnitReportReporter -->
<testsuite hostname="DESKTOP-B7ASSS1" failures="0" tests="1" name="CheckBoxHandle.HandlingCheckBox" time="119.409" errors="0" timestamp="2024-01-19T22:52:32 IST" skipped="0">
  <testcase classname="CheckBoxHandle.HandlingCheckBox" name="CheckBox" time="119.409"/>
  <system-out/>
</testsuite> <!-- CheckBoxHandle.HandlingCheckBox -->
