<?xml version="1.0" encoding="UTF-8"?>
<!-- Generated by org.testng.reporters.JUnitReportReporter -->
<testsuite hostname="DESKTOP-B7ASSS1" failures="0" tests="1" name="RightNDoubleClickHandle.HandlingRightClick" time="73.312" errors="0" timestamp="2024-01-28T16:24:56 IST" skipped="0">
  <testcase classname="RightNDoubleClickHandle.HandlingRightClick" name="rightclick" time="73.312"/>
  <system-out/>
</testsuite> <!-- RightNDoubleClickHandle.HandlingRightClick -->
