<?xml version="1.0" encoding="UTF-8"?>
<!-- Generated by org.testng.reporters.JUnitReportReporter -->
<testsuite hostname="DESKTOP-B7ASSS1" failures="0" tests="1" name="MouseHoverHandle.NavBarMouseHover" time="58.233" errors="0" timestamp="2024-01-26T23:36:40 IST" skipped="0">
  <testcase classname="MouseHoverHandle.NavBarMouseHover" name="mouseHover" time="58.233"/>
  <system-out/>
</testsuite> <!-- MouseHoverHandle.NavBarMouseHover -->
