<?xml version="1.0" encoding="UTF-8"?>
<!-- Generated by org.testng.reporters.JUnitReportReporter -->
<testsuite hostname="DESKTOP-B7ASSS1" failures="0" tests="1" name="com.testcases.www.HandlingDragNDrop" time="17.931" errors="0" timestamp="2024-01-19T18:01:45 IST" skipped="0">
  <testcase classname="com.testcases.www.HandlingDragNDrop" name="handle" time="17.931"/>
  <system-out/>
</testsuite> <!-- com.testcases.www.HandlingDragNDrop -->
