<?xml version="1.0" encoding="UTF-8"?>
<!-- Generated by org.testng.reporters.JUnitReportReporter -->
<testsuite hostname="DESKTOP-B7ASSS1" failures="0" tests="1" name="KeyboardHandle.KeboardOperations" time="19.369" errors="0" timestamp="2024-01-21T00:29:47 IST" skipped="0">
  <testcase classname="KeyboardHandle.KeboardOperations" name="m2" time="19.369"/>
  <system-out/>
</testsuite> <!-- KeyboardHandle.KeboardOperations -->
