<?xml version="1.0" encoding="UTF-8"?>
<!-- Generated by org.testng.reporters.JUnitReportReporter -->
<testsuite hostname="DESKTOP-B7ASSS1" failures="0" tests="1" name="com.testcases.www.HandlingDropDown" time="28.590" errors="0" timestamp="2024-01-17T09:54:42 IST" skipped="0">
  <testcase classname="com.testcases.www.HandlingDropDown" name="Verify" time="28.590"/>
  <system-out/>
</testsuite> <!-- com.testcases.www.HandlingDropDown -->
