<?xml version="1.0" encoding="UTF-8"?>
<!-- Generated by org.testng.reporters.JUnitReportReporter -->
<testsuite hostname="DESKTOP-B7ASSS1" failures="0" tests="1" name="RightNDoubleClickHandle.HandlingDoubleClick" time="25.777" errors="0" timestamp="2024-01-28T16:29:13 IST" skipped="0">
  <testcase classname="RightNDoubleClickHandle.HandlingDoubleClick" name="doubleclick" time="25.777"/>
  <system-out/>
</testsuite> <!-- RightNDoubleClickHandle.HandlingDoubleClick -->
